==12878== Memcheck, a memory error detector
==12878== Copyright (C) 2002-2011, and GNU GPL'd, by Julian Seward et al.
==12878== Using Valgrind-3.7.0 and LibVEX; rerun with -h for copyright info
==12878== Command: RunCollatz
==12878== 
69 51 113
20 100 119
18 6 21
86 26 116
59 49 113
89 60 116
99 3 119
42 47 105
83 19 116
71 51 113
43 64 113
69 24 113
25 97 119
61 8 113
47 20 112
22 7 21
82 46 116
53 9 112
84 65 116
87 8 116
73 43 116
80 11 116
42 10 112
11 71 113
33 57 113
26 3 24
15 65 113
69 55 113
84 55 116
66 8 113
75 85 111
82 54 116
99 69 119
80 36 116
85 51 116
74 16 116
42 21 112
15 93 116
91 99 119
27 62 113
69 54 113
3 62 113
53 85 116
49 94 116
77 21 116
87 83 111
94 38 116
99 22 119
52 31 110
66 55 113
36 36 22
31 92 116
8 15 20
52 82 116
55 40 113
5 71 113
83 34 116
22 67 113
55 14 113
97 54 119
96 33 116
34 21 112
37 94 116
18 57 113
77 41 116
66 53 113
29 51 110
96 27 116
14 92 116
38 58 113
99 68 119
70 71 103
48 100 119
66 1 113
62 13 113
63 66 108
3 11 20
48 96 116
60 12 113
10 71 113
97 90 119
15 70 113
25 61 113
1 15 20
60 92 116
34 99 119
59 52 113
87 46 116
86 35 116
83 18 116
42 87 116
49 22 112
41 49 110
88 50 116
86 29 116
81 45 116
62 13 113
96 10 116
37 76 116
98 3 119
99 60 119
35 69 113
71 70 103
76 45 116
52 64 113
83 16 116
92 18 116
3 69 113
63 37 113
40 79 116
83 71 116
69 52 113
19 91 116
38 14 112
78 14 116
73 4 116
51 40 110
88 19 116
98 92 119
95 87 106
85 84 10
21 80 116
5 77 116
77 29 116
82 73 116
4 84 116
2 98 119
42 12 112
42 63 113
4 49 112
61 29 113
99 92 119
91 32 116
86 62 116
48 80 116
91 3 116
64 71 103
85 31 116
93 50 116
44 71 113
12 65 113
3 20 21
44 18 112
30 97 119
14 61 113
72 34 113
56 24 113
78 34 116
22 36 112
96 56 116
33 13 112
84 32 116
74 40 116
24 48 112
83 28 116
93 70 116
79 75 36
32 96 116
19 26 24
3 12 20
7 82 116
49 95 116
43 38 110
6 48 112
30 12 112
17 77 116
55 33 113
61 10 113
31 67 113
96 22 116
39 13 112
65 7 113
54 82 116
9 97 119
84 33 116
67 41 113
95 75 111
96 98 119
90 93 93
100 55 119
61 89 116
62 93 116
70 80 116
18 37 112
14 7 20
79 12 116
20 5 21
23 15 21
82 78 111
47 92 116
37 33 27
13 56 113
89 45 116
20 46 112
44 76 116
10 91 116
50 26 112
64 17 113
6 87 116
57 8 113
40 32 35
88 6 116
50 5 112
81 51 116
42 33 110
17 16 13
6 1 9
84 79 111
99 59 119
63 93 116
18 39 112
27 10 112
41 77 116
68 15 113
33 17 112
80 24 116
40 58 113
9 83 116
65 41 113
5 44 112
48 45 105
30 21 112
88 39 116
73 48 116
64 73 116
40 49 110
15 94 116
98 65 119
79 46 116
11 51 112
56 9 113
1 58 113
49 92 116
69 100 119
68 100 119
14 24 21
94 36 116
52 52 12
30 32 107
88 70 116
86 91 93
57 20 113
43 43 30
46 97 119
5 8 17
61 4 113
60 78 116
41 22 112
82 43 116
18 75 116
27 49 112
89 8 116
85 99 119
35 41 110
54 89 116
89 21 116
62 78 116
83 79 111
82 61 116
22 25 24
39 49 110
69 2 113
46 96 116
86 16 116
65 56 108
37 88 116
46 54 113
39 46 110
76 25 116
19 12 21
53 17 112
22 21 16
41 62 113
95 97 119
11 89 116
57 34 113
92 8 116
93 79 111
84 20 116
30 69 113
15 59 113
55 15 113
33 36 27
71 99 119
57 76 116
49 73 116
20 92 116
14 94 116
28 15 112
3 45 112
52 46 105
76 81 36
43 90 116
89 96 106
89 49 116
61 50 113
25 35 112
45 33 110
91 83 111
64 51 113
4 4 3
16 23 21
37 25 112
35 89 116
80 46 116
76 97 119
23 76 116
71 20 113
60 10 113
69 58 108
51 91 116
49 9 112
27 75 116
7 4 17
81 26 116
3 100 119
62 63 108
51 11 112
64 31 113
10 49 112
66 39 113
82 19 116
92 55 116
88 96 106
57 74 116
58 13 113
41 20 112
94 40 116
80 50 116
9 14 20
5 89 116
72 97 119
100 88 119
46 81 116
52 5 112
41 46 110
5 98 119
100 78 119
71 79 116
91 83 111
38 5 112
92 57 116
50 49 25
62 33 113
12 33 112
15 3 20
85 55 116
34 58 113
24 76 116
43 11 112
40 77 116
46 34 110
32 51 110
95 78 111
15 100 119
96 51 116
68 94 116
78 8 116
47 96 116
79 53 116
90 96 106
93 29 116
69 2 113
34 38 22
99 72 119
84 81 111
74 46 116
32 10 112
21 21 8
55 50 113
99 22 119
47 67 113
72 69 103
79 68 116
18 8 21
60 76 116
97 56 119
41 42 110
3 52 112
87 69 116
30 77 116
45 87 116
65 4 113
57 99 119
48 89 116
99 77 119
15 39 112
27 30 112
72 73 116
29 10 112
18 59 113
60 81 116
21 14 21
24 67 113
71 7 113
53 51 25
83 73 116
12 27 112
39 94 116
6 55 113
2 92 116
5 29 112
45 9 112
78 27 116
24 43 112
77 49 116
19 26 24
91 97 119
69 89 116
61 25 113
21 91 116
56 86 116
83 66 116
36 25 112
50 16 112
51 1 112
37 48 110
26 74 116
83 51 116
73 3 116
67 96 116
25 8 24
14 54 113
55 29 113
52 15 112
92 51 116
82 20 116
98 56 119
77 62 116
63 97 119
96 33 116
99 41 119
10 1 20
61 11 113
61 71 108
28 34 107
8 94 116
49 28 110
39 20 112
60 96 116
50 26 112
93 32 116
46 53 105
59 78 116
74 34 116
66 79 116
87 43 116
50 48 25
70 44 113
94 54 116
84 99 119
82 50 116
85 21 116
82 94 111
4 59 113
43 74 116
33 5 112
49 76 116
19 97 119
73 22 116
97 69 119
95 68 116
42 16 112
89 94 106
75 49 116
59 94 116
100 67 119
76 11 116
46 68 113
44 68 113
5 63 113
30 49 110
92 75 111
75 69 116
59 74 116
7 87 116
64 20 113
69 92 116
27 62 113
93 53 116
2 20 21
87 52 116
50 75 116
93 55 116
55 22 113
60 93 116
90 73 116
82 44 116
68 39 113
25 19 24
99 92 119
68 14 113
5 52 112
26 89 116
64 35 113
80 36 116
10 42 112
84 60 116
38 84 116
93 60 116
86 95 106
34 31 107
98 42 119
63 31 113
37 92 116
57 90 116
36 83 116
12 5 20
81 94 111
4 46 112
8 9 20
42 50 105
23 33 112
83 53 116
91 21 116
78 91 111
14 92 116
16 45 112
60 18 113
67 86 116
13 96 116
79 27 116
47 68 113
20 13 21
39 27 112
48 99 119
72 12 113
7 13 20
48 24 112
37 99 119
9 64 113
46 14 112
43 9 112
80 62 116
89 52 116
9 66 113
60 7 113
73 80 116
30 98 119
62 59 108
98 84 119
87 90 31
96 14 116
95 71 116
25 60 113
28 13 112
90 82 111
38 25 112
28 70 113
4 19 21
35 85 116
99 100 26
46 56 113
65 81 116
32 41 110
73 75 116
35 66 113
96 28 116
21 19 21
6 94 116
72 83 116
51 85 116
5 14 20
57 34 113
47 87 116
41 92 116
88 16 116
36 8 112
59 39 113
61 17 113
48 89 116
29 25 112
15 36 112
17 30 112
49 2 112
41 5 112
95 96 106
31 42 110
87 90 31
26 81 116
53 24 112
97 58 119
13 76 116
95 72 116
94 47 116
56 4 113
53 69 113
59 48 113
52 77 116
45 52 105
28 92 116
2 54 113
15 75 116
10 52 112
81 24 116
82 76 111
63 100 119
62 60 108
69 92 116
99 24 119
96 37 116
44 49 105
65 38 113
97 43 119
98 79 119
18 90 116
10 46 112
51 68 113
39 48 110
83 78 111
41 25 112
92 74 111
36 18 112
48 66 113
49 28 110
62 39 113
86 32 116
4 82 116
2 40 112
12 56 113
79 61 116
9 47 112
96 75 111
7 2 17
12 79 116
20 16 21
96 92 106
80 37 116
24 37 112
64 65 28
22 21 16
92 73 116
92 48 116
86 63 116
84 21 116
9 91 116
31 94 116
60 39 113
10 43 112
28 53 110
85 1 116
92 23 116
35 91 116
96 64 116
86 28 116
44 68 113
87 12 116
59 54 113
80 81 23
19 19 21
25 1 24
57 51 113
99 42 119
31 99 119
21 73 116
17 82 116
44 69 113
68 36 113
61 2 113
97 78 119
31 29 107
1 16 20
33 1 112
30 85 116
6 61 113
80 11 116
71 45 113
1 66 113
19 55 113
88 76 111
93 54 116
23 34 112
27 21 112
64 26 113
29 32 107
71 13 113
63 43 113
45 63 113
12 13 10
49 56 113
75 16 116
23 51 112
72 88 116
77 78 36
40 78 116
62 14 113
25 9 24
85 54 116
10 96 116
22 58 113
94 56 116
50 87 116
52 61 113
92 56 116
96 89 106
67 81 116
38 93 116
75 85 111
43 93 116
8 91 116
24 98 119
82 59 116
82 88 111
52 28 110
87 54 116
84 58 116
4 60 113
57 77 116
60 50 113
62 99 119
62 13 113
71 59 108
91 92 93
21 28 112
87 71 116
91 16 116
69 47 113
3 10 20
9 4 20
16 97 119
22 50 112
22 64 113
28 64 113
40 76 116
5 78 116
91 29 116
66 43 113
65 61 108
71 32 113
99 40 119
83 75 111
24 77 116
88 39 116
79 21 116
37 53 110
9 97 119
86 74 111
66 69 28
39 57 113
31 45 110
44 15 112
38 82 116
71 24 113
92 39 116
63 91 116
6 79 116
37 96 116
24 56 113
80 97 119
80 1 116
86 14 116
2 24 21
55 44 113
52 46 105
41 75 116
93 29 116
41 100 119
58 8 113
36 58 113
29 70 113
64 27 113
26 37 112
61 17 113
37 27 112
25 59 113
32 82 116
44 72 113
55 34 113
19 45 112
17 54 113
9 70 113
71 64 103
60 85 116
17 30 112
20 44 112
33 6 112
7 39 112
19 53 112
30 2 112
25 75 116
9 85 116
80 34 116
84 39 116
42 80 116
76 34 116
75 61 116
67 63 108
32 98 119
48 70 113
1 11 20
75 23 116
57 50 113
62 67 108
13 19 21
55 83 116
21 33 112
12 50 112
14 65 113
70 47 113
99 20 119
15 91 116
57 21 113
27 53 112
88 12 116
79 48 116
82 68 116
48 60 113
79 70 116
73 88 116
88 84 31
63 5 113
47 35 110
45 13 112
58 89 116
36 84 116
78 49 116
78 47 116
23 95 116
44 48 105
70 58 108
57 50 113
76 86 111
40 94 116
6 24 21
43 72 113
86 98 119
14 62 113
44 11 112
30 92 116
52 89 116
34 42 110
13 69 113
36 77 116
68 31 113
38 33 27
16 56 113
52 10 112
38 64 113
88 82 111
76 36 116
56 37 113
65 37 113
48 20 112
63 100 119
4 59 113
45 16 112
82 66 116
89 43 116
21 87 116
87 23 116
91 19 116
26 33 112
5 34 112
2 71 113
8 64 113
10 47 112
6 78 116
70 63 108
16 96 116
40 60 113
27 96 116
16 65 113
47 23 112
3 62 113
73 72 116
39 74 116
75 47 116
4 28 112
50 34 110
55 60 113
25 11 24
71 38 113
8 46 112
92 48 116
84 57 116
84 10 116
52 77 116
67 18 113
50 76 116
56 32 113
19 74 116
2 60 113
20 88 116
21 55 113
58 78 116
22 56 113
46 42 30
2 89 116
49 12 112
65 84 116
82 76 111
60 90 116
100 51 119
100 56 119
82 88 111
6 31 112
42 64 113
30 40 107
47 32 110
46 62 113
50 26 112
47 54 113
79 29 116
89 47 116
23 64 113
57 6 113
17 66 113
80 67 116
2 74 116
49 26 112
2 46 112
61 87 116
54 18 113
10 51 112
57 34 113
63 88 116
54 7 113
91 82 111
87 53 116
29 100 119
100 81 119
38 87 116
40 97 119
36 56 113
92 47 116
51 53 25
78 32 116
79 40 116
96 43 116
53 15 112
31 6 112
47 52 105
76 77 23
56 32 113
90 54 116
9 69 113
30 92 116
1 65 113
87 59 116
58 76 116
2 36 112
36 24 112
99 35 119
22 69 113
9 68 113
10 20 21
22 53 112
31 4 112
38 51 110
29 79 116
38 68 113
63 84 116
49 12 112
39 80 116
29 91 116
18 66 113
21 30 112
57 65 108
74 42 116
85 67 116
85 53 116
25 34 112
64 23 113
86 13 116
62 17 113
65 21 113
5 86 116
95 97 119
16 7 20
99 12 119
30 29 19
31 59 113
91 44 116
50 31 110
83 91 111
29 63 113
48 52 25
66 90 116
87 65 116
81 73 116
31 73 116
53 37 110
55 47 113
95 75 111
64 17 113
27 1 112
46 37 110
20 60 113
94 82 111
9 46 112
28 14 112
66 19 113
91 63 116
40 31 107
17 14 18
99 52 119
17 100 119
7 80 116
24 76 116
8 82 116
==12878== 
==12878== HEAP SUMMARY:
==12878==     in use at exit: 0 bytes in 0 blocks
==12878==   total heap usage: 0 allocs, 0 frees, 0 bytes allocated
==12878== 
==12878== All heap blocks were freed -- no leaks are possible
==12878== 
==12878== For counts of detected and suppressed errors, rerun with: -v
==12878== ERROR SUMMARY: 0 errors from 0 contexts (suppressed: 2 from 2)
